GROUP,PACKAGE,CLASS,INSTRUCTION_MISSED,INSTRUCTION_COVERED,BRANCH_MISSED,BRANCH_COVERED,LINE_MISSED,LINE_COVERED,COMPLEXITY_MISSED,COMPLEXITY_COVERED,METHOD_MISSED,METHOD_COVERED
test-microprofile,com.github.jonasrutishauser.cdi.microprofile,DependentScopedComponent,0,6,0,0,0,2,0,2,0,2
test-microprofile,com.github.jonasrutishauser.cdi.microprofile,SampleApplication,3,0,0,0,1,0,1,0,1,0
test-microprofile,com.github.jonasrutishauser.cdi.microprofile,HorseConverter,0,8,0,0,0,2,0,2,0,2
test-microprofile,com.github.jonasrutishauser.cdi.microprofile,EjbController,0,22,0,0,0,6,0,6,0,6
test-microprofile,com.github.jonasrutishauser.cdi.microprofile,Controller,0,22,0,0,0,6,0,6,0,6
