GROUP,PACKAGE,CLASS,INSTRUCTION_MISSED,INSTRUCTION_COVERED,BRANCH_MISSED,BRANCH_COVERED,LINE_MISSED,LINE_COVERED,COMPLEXITY_MISSED,COMPLEXITY_COVERED,METHOD_MISSED,METHOD_COVERED
CDI Test JPA,com.github.jonasrutishauser.cdi.test.jpa,TestJpaInjectionServices,16,56,4,4,2,14,4,5,0,5
CDI Test JPA,com.github.jonasrutishauser.cdi.test.jpa,TestEntityResources,5,102,0,2,3,24,1,10,1,9
CDI Test JPA,com.github.jonasrutishauser.cdi.test.jpa,EntityManagerFactoryResourceFactory,0,27,1,1,0,7,1,3,0,3
CDI Test JPA,com.github.jonasrutishauser.cdi.test.jpa,EntityManagerResourceFactory.new ResourceReference() {...},0,23,0,0,0,4,0,3,0,3
CDI Test JPA,com.github.jonasrutishauser.cdi.test.jpa,EntityManagerFactoryResourceFactory.new ResourceReference() {...},0,22,0,0,0,5,0,3,0,3
CDI Test JPA,com.github.jonasrutishauser.cdi.test.jpa,EntityManagerResourceFactory,4,36,1,1,2,8,1,4,0,4
CDI Test JPA,com.github.jonasrutishauser.cdi.test.jpa,TestEntityResources.EclipselinkSupport,0,6,0,0,0,4,0,1,0,1
