GROUP,PACKAGE,CLASS,INSTRUCTION_MISSED,INSTRUCTION_COVERED,BRANCH_MISSED,BRANCH_COVERED,LINE_MISSED,LINE_COVERED,COMPLEXITY_MISSED,COMPLEXITY_COVERED,METHOD_MISSED,METHOD_COVERED
test-jee,com.github.jonasrutishauser.cdi.jpa,UserEntity,6,11,0,0,2,5,2,3,2,3
test-jee,com.github.jonasrutishauser.cdi.jpa,RequestScopedUserService,10,0,0,0,3,0,2,0,2,0
test-jee,com.github.jonasrutishauser.cdi.jpa,CounterEntityListener,0,7,0,0,0,3,0,2,0,2
test-jee,com.github.jonasrutishauser.cdi.jpa,UserService,0,10,0,0,0,3,0,2,0,2
test-jee,com.github.jonasrutishauser.cdi.jpa,BaseEntity,7,6,0,0,3,2,2,2,2,2
test-jee,com.github.jonasrutishauser.cdi.jpa,InvocationCounter,0,17,0,0,0,5,0,3,0,3
