GROUP,PACKAGE,CLASS,INSTRUCTION_MISSED,INSTRUCTION_COVERED,BRANCH_MISSED,BRANCH_COVERED,LINE_MISSED,LINE_COVERED,COMPLEXITY_MISSED,COMPLEXITY_COVERED,METHOD_MISSED,METHOD_COVERED
CDI Test JPA,com.github.jonasrutishauser.cdi.test.jpa,TestJpaInjectionServices,34,38,6,2,6,10,5,4,1,4
CDI Test JPA,com.github.jonasrutishauser.cdi.test.jpa,TestEntityResources,5,102,0,2,3,24,1,10,1,9
CDI Test JPA,com.github.jonasrutishauser.cdi.test.jpa,EntityManagerFactoryResourceFactory,27,0,2,0,7,0,4,0,3,0
CDI Test JPA,com.github.jonasrutishauser.cdi.test.jpa,EntityManagerResourceFactory.new ResourceReference() {...},0,23,0,0,0,4,0,3,0,3
CDI Test JPA,com.github.jonasrutishauser.cdi.test.jpa,TestEntityResources.EclipselinkSupport,0,6,0,0,0,4,0,1,0,1
CDI Test JPA,com.github.jonasrutishauser.cdi.test.jpa,EntityManagerResourceFactory,4,36,1,1,2,8,1,4,0,4
CDI Test JPA,com.github.jonasrutishauser.cdi.test.jpa,EntityManagerFactoryResourceFactory.new ResourceReference() {...},27,0,0,0,6,0,3,0,3,0
